1542780355297	mozrunner::runner	INFO	Running command: "/Applications/Firefox.app/Contents/MacOS/firefox-bin" "-marionette" "-foreground" "-no-remote" "-profile" "/var/folders/gy/qftkm0y535sbg296q4n9f_d00000gn/T/rust_mozprofile.e4FPJ8jLSEij"
1542780357746	Marionette	INFO	Listening on port 59059
1542780357780	Marionette	WARN	TLS certificate errors will be ignored for this session
JavaScript error: https://zogzmiller.github.io/sheltergetter.js, line 24: TypeError: response.petfinder.shelters is undefined
1542780372336	Marionette	INFO	Stopped listening on port 59059
1542780373933	mozrunner::runner	INFO	Running command: "/Applications/Firefox.app/Contents/MacOS/firefox-bin" "-marionette" "-foreground" "-no-remote" "-profile" "/var/folders/gy/qftkm0y535sbg296q4n9f_d00000gn/T/rust_mozprofile.geEZ5xT31PqO"
1542780375861	Marionette	INFO	Listening on port 59115
1542780375880	Marionette	WARN	TLS certificate errors will be ignored for this session
1542780387741	Marionette	INFO	Stopped listening on port 59115
1542780389277	mozrunner::runner	INFO	Running command: "/Applications/Firefox.app/Contents/MacOS/firefox-bin" "-marionette" "-foreground" "-no-remote" "-profile" "/var/folders/gy/qftkm0y535sbg296q4n9f_d00000gn/T/rust_mozprofile.XuNElRfvaSMw"
1542780391188	Marionette	INFO	Listening on port 59164
1542780391238	Marionette	WARN	TLS certificate errors will be ignored for this session
[GFX1-]: Receive IPC close with reason=AbnormalShutdown
[Child 15436, Chrome_ChildThread] WARNING: pipe error: Broken pipe: file /builds/worker/workspace/build/src/ipc/chromium/src/chrome/common/ipc_channel_posix.cc, line 729
[GFX1-]: Receive IPC close with reason=AbnormalShutdown
1542780517170	mozrunner::runner	INFO	Running command: "/Applications/Firefox.app/Contents/MacOS/firefox-bin" "-marionette" "-foreground" "-no-remote" "-profile" "/var/folders/gy/qftkm0y535sbg296q4n9f_d00000gn/T/rust_mozprofile.zVrRsOTmTmQC"
1542780519370	Marionette	INFO	Listening on port 59259
1542780519425	Marionette	WARN	TLS certificate errors will be ignored for this session
JavaScript error: https://zogzmiller.github.io/sheltergetter.js, line 24: TypeError: response.petfinder.shelters is undefined
1542780535759	Marionette	INFO	Stopped listening on port 59259
[Parent 15526, Gecko_IOThread] WARNING: pipe error: Socket is not connected: file /builds/worker/workspace/build/src/ipc/chromium/src/chrome/common/ipc_channel_posix.cc, line 729
1542780537216	mozrunner::runner	INFO	Running command: "/Applications/Firefox.app/Contents/MacOS/firefox-bin" "-marionette" "-foreground" "-no-remote" "-profile" "/var/folders/gy/qftkm0y535sbg296q4n9f_d00000gn/T/rust_mozprofile.cPPcBDXFdar3"
1542780539314	Marionette	INFO	Listening on port 59315
1542780539360	Marionette	WARN	TLS certificate errors will be ignored for this session
1542780556704	Marionette	INFO	Stopped listening on port 59315
1542780558331	mozrunner::runner	INFO	Running command: "/Applications/Firefox.app/Contents/MacOS/firefox-bin" "-marionette" "-foreground" "-no-remote" "-profile" "/var/folders/gy/qftkm0y535sbg296q4n9f_d00000gn/T/rust_mozprofile.Y0fxAbVrhiP7"
1542780560428	Marionette	INFO	Listening on port 59367
1542780560477	Marionette	WARN	TLS certificate errors will be ignored for this session
1542780579787	Marionette	INFO	Stopped listening on port 59367
1542780581305	mozrunner::runner	INFO	Running command: "/Applications/Firefox.app/Contents/MacOS/firefox-bin" "-marionette" "-foreground" "-no-remote" "-profile" "/var/folders/gy/qftkm0y535sbg296q4n9f_d00000gn/T/rust_mozprofile.vgPBrTAnmTyL"
1542780583368	Marionette	INFO	Listening on port 59420
1542780583464	Marionette	WARN	TLS certificate errors will be ignored for this session
1542780599825	Marionette	INFO	Stopped listening on port 59420
1542780601374	mozrunner::runner	INFO	Running command: "/Applications/Firefox.app/Contents/MacOS/firefox-bin" "-marionette" "-foreground" "-no-remote" "-profile" "/var/folders/gy/qftkm0y535sbg296q4n9f_d00000gn/T/rust_mozprofile.LAF6b2EntYO6"
1542780603510	Marionette	INFO	Listening on port 59473
1542780603527	Marionette	WARN	TLS certificate errors will be ignored for this session
1542780620885	Marionette	INFO	Stopped listening on port 59473
1542780622408	mozrunner::runner	INFO	Running command: "/Applications/Firefox.app/Contents/MacOS/firefox-bin" "-marionette" "-foreground" "-no-remote" "-profile" "/var/folders/gy/qftkm0y535sbg296q4n9f_d00000gn/T/rust_mozprofile.dQ4uGLmR8c28"
1542780624520	Marionette	INFO	Listening on port 59527
1542780624582	Marionette	WARN	TLS certificate errors will be ignored for this session
1542780643606	Marionette	INFO	Stopped listening on port 59527
1542780645129	mozrunner::runner	INFO	Running command: "/Applications/Firefox.app/Contents/MacOS/firefox-bin" "-marionette" "-foreground" "-no-remote" "-profile" "/var/folders/gy/qftkm0y535sbg296q4n9f_d00000gn/T/rust_mozprofile.bUbM5YoUnuVO"
1542780647173	Marionette	INFO	Listening on port 59582
1542780647180	Marionette	WARN	TLS certificate errors will be ignored for this session
1542780663748	Marionette	INFO	Stopped listening on port 59582
1542780665257	mozrunner::runner	INFO	Running command: "/Applications/Firefox.app/Contents/MacOS/firefox-bin" "-marionette" "-foreground" "-no-remote" "-profile" "/var/folders/gy/qftkm0y535sbg296q4n9f_d00000gn/T/rust_mozprofile.icMDLdzAIQP1"
1542780667319	Marionette	INFO	Listening on port 59634
1542780667403	Marionette	WARN	TLS certificate errors will be ignored for this session
1542780685970	Marionette	INFO	Stopped listening on port 59634
1542780687483	mozrunner::runner	INFO	Running command: "/Applications/Firefox.app/Contents/MacOS/firefox-bin" "-marionette" "-foreground" "-no-remote" "-profile" "/var/folders/gy/qftkm0y535sbg296q4n9f_d00000gn/T/rust_mozprofile.x6bwldVvFX1G"
1542780689539	Marionette	INFO	Listening on port 59686
1542780689645	Marionette	WARN	TLS certificate errors will be ignored for this session
console.error: BroadcastService: 
  receivedBroadcastMessage: handler for
  remote-settings/monitor_changes
  threw error:
  Message: Error: Polling for changes failed: NetworkError when attempting to fetch resource..
  Stack:
    remoteSettingsFunction/remoteSettings.pollChanges@resource://services-settings/remote-settings.js:721:13

1542780713162	Marionette	INFO	Stopped listening on port 59686
1542780714691	mozrunner::runner	INFO	Running command: "/Applications/Firefox.app/Contents/MacOS/firefox-bin" "-marionette" "-foreground" "-no-remote" "-profile" "/var/folders/gy/qftkm0y535sbg296q4n9f_d00000gn/T/rust_mozprofile.FvMhdUbgo81B"
1542780716777	Marionette	INFO	Listening on port 59743
1542780716849	Marionette	WARN	TLS certificate errors will be ignored for this session
1542780733607	Marionette	INFO	Stopped listening on port 59743
1542780735165	mozrunner::runner	INFO	Running command: "/Applications/Firefox.app/Contents/MacOS/firefox-bin" "-marionette" "-foreground" "-no-remote" "-profile" "/var/folders/gy/qftkm0y535sbg296q4n9f_d00000gn/T/rust_mozprofile.NL88mRZNj1Qn"
1542780737236	Marionette	INFO	Listening on port 59797
1542780737306	Marionette	WARN	TLS certificate errors will be ignored for this session
1542780754938	Marionette	INFO	Stopped listening on port 59797
1542780756455	mozrunner::runner	INFO	Running command: "/Applications/Firefox.app/Contents/MacOS/firefox-bin" "-marionette" "-foreground" "-no-remote" "-profile" "/var/folders/gy/qftkm0y535sbg296q4n9f_d00000gn/T/rust_mozprofile.tPbyJCSHgL5s"
1542780758460	Marionette	INFO	Listening on port 59852
1542780758525	Marionette	WARN	TLS certificate errors will be ignored for this session
1542780775278	Marionette	INFO	Stopped listening on port 59852
1542780776892	mozrunner::runner	INFO	Running command: "/Applications/Firefox.app/Contents/MacOS/firefox-bin" "-marionette" "-foreground" "-no-remote" "-profile" "/var/folders/gy/qftkm0y535sbg296q4n9f_d00000gn/T/rust_mozprofile.9VmleCXAjY1O"
1542780778984	Marionette	INFO	Listening on port 59902
1542780779050	Marionette	WARN	TLS certificate errors will be ignored for this session
1542780796066	Marionette	INFO	Stopped listening on port 59902
1542780797575	mozrunner::runner	INFO	Running command: "/Applications/Firefox.app/Contents/MacOS/firefox-bin" "-marionette" "-foreground" "-no-remote" "-profile" "/var/folders/gy/qftkm0y535sbg296q4n9f_d00000gn/T/rust_mozprofile.Dlz69v8hodVu"
1542780799645	Marionette	INFO	Listening on port 59954
1542780799722	Marionette	WARN	TLS certificate errors will be ignored for this session
1542780816840	Marionette	INFO	Stopped listening on port 59954
1542780818376	mozrunner::runner	INFO	Running command: "/Applications/Firefox.app/Contents/MacOS/firefox-bin" "-marionette" "-foreground" "-no-remote" "-profile" "/var/folders/gy/qftkm0y535sbg296q4n9f_d00000gn/T/rust_mozprofile.OiSskGTvvWhd"
1542780820448	Marionette	INFO	Listening on port 60004
1542780820535	Marionette	WARN	TLS certificate errors will be ignored for this session
1542780837183	Marionette	INFO	Stopped listening on port 60004
1542780838705	mozrunner::runner	INFO	Running command: "/Applications/Firefox.app/Contents/MacOS/firefox-bin" "-marionette" "-foreground" "-no-remote" "-profile" "/var/folders/gy/qftkm0y535sbg296q4n9f_d00000gn/T/rust_mozprofile.zFLFUbQAc12e"
1542780840768	Marionette	INFO	Listening on port 60057
1542780840871	Marionette	WARN	TLS certificate errors will be ignored for this session
console.error: BroadcastService: 
  receivedBroadcastMessage: handler for
  remote-settings/monitor_changes
  threw error:
  Message: Error: Polling for changes failed: NetworkError when attempting to fetch resource..
  Stack:
    remoteSettingsFunction/remoteSettings.pollChanges@resource://services-settings/remote-settings.js:721:13

1542780861518	Marionette	INFO	Stopped listening on port 60057
1542780863041	mozrunner::runner	INFO	Running command: "/Applications/Firefox.app/Contents/MacOS/firefox-bin" "-marionette" "-foreground" "-no-remote" "-profile" "/var/folders/gy/qftkm0y535sbg296q4n9f_d00000gn/T/rust_mozprofile.VNShm4Hsbfmf"
1542780865126	Marionette	INFO	Listening on port 60110
1542780865182	Marionette	WARN	TLS certificate errors will be ignored for this session
1542780884860	Marionette	INFO	Stopped listening on port 60110
JavaScript error: jar:file:///Applications/Firefox.app/Contents/Resources/browser/omni.ja!/components/nsBrowserGlue.js, line 1363: NS_ERROR_FAILURE: Component returned failure code: 0x80004005 (NS_ERROR_FAILURE) [nsIAppShellService.hiddenDOMWindow]
JavaScript error: resource://gre/modules/JSONFile.jsm, line 159: Error: Data is not ready.
1542780886402	mozrunner::runner	INFO	Running command: "/Applications/Firefox.app/Contents/MacOS/firefox-bin" "-marionette" "-foreground" "-no-remote" "-profile" "/var/folders/gy/qftkm0y535sbg296q4n9f_d00000gn/T/rust_mozprofile.HjxdYYqcZ6JX"
1542780888472	Marionette	INFO	Listening on port 60161
1542780888551	Marionette	WARN	TLS certificate errors will be ignored for this session
1542780905574	Marionette	INFO	Stopped listening on port 60161
1542780907042	mozrunner::runner	INFO	Running command: "/Applications/Firefox.app/Contents/MacOS/firefox-bin" "-marionette" "-foreground" "-no-remote" "-profile" "/var/folders/gy/qftkm0y535sbg296q4n9f_d00000gn/T/rust_mozprofile.E2HeYgZNMuTH"
1542780909204	Marionette	INFO	Listening on port 60214
1542780909219	Marionette	WARN	TLS certificate errors will be ignored for this session
1542780926145	Marionette	INFO	Stopped listening on port 60214
1542780927813	mozrunner::runner	INFO	Running command: "/Applications/Firefox.app/Contents/MacOS/firefox-bin" "-marionette" "-foreground" "-no-remote" "-profile" "/var/folders/gy/qftkm0y535sbg296q4n9f_d00000gn/T/rust_mozprofile.gFAovyVSKyxL"
1542780929908	Marionette	INFO	Listening on port 60266
1542780929996	Marionette	WARN	TLS certificate errors will be ignored for this session
console.error: BroadcastService: 
  receivedBroadcastMessage: handler for
  remote-settings/monitor_changes
  threw error:
  Message: Error: Polling for changes failed: NetworkError when attempting to fetch resource..
  Stack:
    remoteSettingsFunction/remoteSettings.pollChanges@resource://services-settings/remote-settings.js:721:13

1542780952132	Marionette	INFO	Stopped listening on port 60266
1542780953697	mozrunner::runner	INFO	Running command: "/Applications/Firefox.app/Contents/MacOS/firefox-bin" "-marionette" "-foreground" "-no-remote" "-profile" "/var/folders/gy/qftkm0y535sbg296q4n9f_d00000gn/T/rust_mozprofile.3Ny83DAAuwp5"
1542780955864	Marionette	INFO	Listening on port 60320
1542780955911	Marionette	WARN	TLS certificate errors will be ignored for this session
console.error: BroadcastService: 
  receivedBroadcastMessage: handler for
  remote-settings/monitor_changes
  threw error:
  Message: Error: Polling for changes failed: NetworkError when attempting to fetch resource..
  Stack:
    remoteSettingsFunction/remoteSettings.pollChanges@resource://services-settings/remote-settings.js:721:13

1542780977326	Marionette	INFO	Stopped listening on port 60320
1542780978849	mozrunner::runner	INFO	Running command: "/Applications/Firefox.app/Contents/MacOS/firefox-bin" "-marionette" "-foreground" "-no-remote" "-profile" "/var/folders/gy/qftkm0y535sbg296q4n9f_d00000gn/T/rust_mozprofile.BjUCT7mEOzbk"
1542780980930	Marionette	INFO	Listening on port 60375
1542780980975	Marionette	WARN	TLS certificate errors will be ignored for this session
console.error: BroadcastService: 
  receivedBroadcastMessage: handler for
  remote-settings/monitor_changes
  threw error:
  Message: Error: Polling for changes failed: NetworkError when attempting to fetch resource..
  Stack:
    remoteSettingsFunction/remoteSettings.pollChanges@resource://services-settings/remote-settings.js:721:13

1542781005973	Marionette	INFO	Stopped listening on port 60375
1542781007512	mozrunner::runner	INFO	Running command: "/Applications/Firefox.app/Contents/MacOS/firefox-bin" "-marionette" "-foreground" "-no-remote" "-profile" "/var/folders/gy/qftkm0y535sbg296q4n9f_d00000gn/T/rust_mozprofile.54EPUqM5AXPJ"
1542781009586	Marionette	INFO	Listening on port 60427
1542781009620	Marionette	WARN	TLS certificate errors will be ignored for this session
1542781027047	Marionette	INFO	Stopped listening on port 60427
1542781028570	mozrunner::runner	INFO	Running command: "/Applications/Firefox.app/Contents/MacOS/firefox-bin" "-marionette" "-foreground" "-no-remote" "-profile" "/var/folders/gy/qftkm0y535sbg296q4n9f_d00000gn/T/rust_mozprofile.1eoVAqEQDmyk"
1542781030650	Marionette	INFO	Listening on port 60477
1542781030673	Marionette	WARN	TLS certificate errors will be ignored for this session
1542781048479	Marionette	INFO	Stopped listening on port 60477
1542781050100	mozrunner::runner	INFO	Running command: "/Applications/Firefox.app/Contents/MacOS/firefox-bin" "-marionette" "-foreground" "-no-remote" "-profile" "/var/folders/gy/qftkm0y535sbg296q4n9f_d00000gn/T/rust_mozprofile.I4QVynTCxeCo"
1542781052221	Marionette	INFO	Listening on port 60531
1542781052305	Marionette	WARN	TLS certificate errors will be ignored for this session
console.error: BroadcastService: 
  receivedBroadcastMessage: handler for
  remote-settings/monitor_changes
  threw error:
  Message: Error: Polling for changes failed: NetworkError when attempting to fetch resource..
  Stack:
    remoteSettingsFunction/remoteSettings.pollChanges@resource://services-settings/remote-settings.js:721:13

1542781073436	Marionette	INFO	Stopped listening on port 60531
1542781075061	mozrunner::runner	INFO	Running command: "/Applications/Firefox.app/Contents/MacOS/firefox-bin" "-marionette" "-foreground" "-no-remote" "-profile" "/var/folders/gy/qftkm0y535sbg296q4n9f_d00000gn/T/rust_mozprofile.XM6E3Ahp5vTx"
1542781077149	Marionette	INFO	Listening on port 60589
1542781077249	Marionette	WARN	TLS certificate errors will be ignored for this session
1542781093844	Marionette	INFO	Stopped listening on port 60589
1542781095402	mozrunner::runner	INFO	Running command: "/Applications/Firefox.app/Contents/MacOS/firefox-bin" "-marionette" "-foreground" "-no-remote" "-profile" "/var/folders/gy/qftkm0y535sbg296q4n9f_d00000gn/T/rust_mozprofile.LJ3GeDfWPNJV"
1542781097468	Marionette	INFO	Listening on port 60642
1542781097509	Marionette	WARN	TLS certificate errors will be ignored for this session
1542781116193	Marionette	INFO	Stopped listening on port 60642
1542781117734	mozrunner::runner	INFO	Running command: "/Applications/Firefox.app/Contents/MacOS/firefox-bin" "-marionette" "-foreground" "-no-remote" "-profile" "/var/folders/gy/qftkm0y535sbg296q4n9f_d00000gn/T/rust_mozprofile.rWSe4C3TlxMS"
1542781119797	Marionette	INFO	Listening on port 60699
1542781119847	Marionette	WARN	TLS certificate errors will be ignored for this session
1542781137199	Marionette	INFO	Stopped listening on port 60699
1542781138740	mozrunner::runner	INFO	Running command: "/Applications/Firefox.app/Contents/MacOS/firefox-bin" "-marionette" "-foreground" "-no-remote" "-profile" "/var/folders/gy/qftkm0y535sbg296q4n9f_d00000gn/T/rust_mozprofile.nozs1NZSHnHy"
1542781140814	Marionette	INFO	Listening on port 60749
1542781140833	Marionette	WARN	TLS certificate errors will be ignored for this session
1542781157793	Marionette	INFO	Stopped listening on port 60749
1542781159283	mozrunner::runner	INFO	Running command: "/Applications/Firefox.app/Contents/MacOS/firefox-bin" "-marionette" "-foreground" "-no-remote" "-profile" "/var/folders/gy/qftkm0y535sbg296q4n9f_d00000gn/T/rust_mozprofile.mzH7Bsi5eEWE"
1542781161334	Marionette	INFO	Listening on port 60806
1542781161385	Marionette	WARN	TLS certificate errors will be ignored for this session
1542781179520	Marionette	INFO	Stopped listening on port 60806
1542781181084	mozrunner::runner	INFO	Running command: "/Applications/Firefox.app/Contents/MacOS/firefox-bin" "-marionette" "-foreground" "-no-remote" "-profile" "/var/folders/gy/qftkm0y535sbg296q4n9f_d00000gn/T/rust_mozprofile.RBx4mI1MPD7j"
1542781183169	Marionette	INFO	Listening on port 60859
1542781183281	Marionette	WARN	TLS certificate errors will be ignored for this session
1542781201126	Marionette	INFO	Stopped listening on port 60859
1542781202751	mozrunner::runner	INFO	Running command: "/Applications/Firefox.app/Contents/MacOS/firefox-bin" "-marionette" "-foreground" "-no-remote" "-profile" "/var/folders/gy/qftkm0y535sbg296q4n9f_d00000gn/T/rust_mozprofile.HyhuPeIZhAf6"
1542781204875	Marionette	INFO	Listening on port 60913
1542781204952	Marionette	WARN	TLS certificate errors will be ignored for this session
1542781222386	Marionette	INFO	Stopped listening on port 60913
1542781223913	mozrunner::runner	INFO	Running command: "/Applications/Firefox.app/Contents/MacOS/firefox-bin" "-marionette" "-foreground" "-no-remote" "-profile" "/var/folders/gy/qftkm0y535sbg296q4n9f_d00000gn/T/rust_mozprofile.rxrPWYoivghu"
1542781225988	Marionette	INFO	Listening on port 60968
1542781226007	Marionette	WARN	TLS certificate errors will be ignored for this session
1542781242884	Marionette	INFO	Stopped listening on port 60968
1542781244443	mozrunner::runner	INFO	Running command: "/Applications/Firefox.app/Contents/MacOS/firefox-bin" "-marionette" "-foreground" "-no-remote" "-profile" "/var/folders/gy/qftkm0y535sbg296q4n9f_d00000gn/T/rust_mozprofile.nw4agojpC7rt"
1542781246581	Marionette	INFO	Listening on port 61019
1542781246622	Marionette	WARN	TLS certificate errors will be ignored for this session
1542781267686	Marionette	INFO	Stopped listening on port 61019
1542781269241	mozrunner::runner	INFO	Running command: "/Applications/Firefox.app/Contents/MacOS/firefox-bin" "-marionette" "-foreground" "-no-remote" "-profile" "/var/folders/gy/qftkm0y535sbg296q4n9f_d00000gn/T/rust_mozprofile.Q5n02mTzUJRH"
1542781271502	Marionette	INFO	Listening on port 61111
1542781271616	Marionette	WARN	TLS certificate errors will be ignored for this session
1542781290577	Marionette	INFO	Stopped listening on port 61111
1542781292027	mozrunner::runner	INFO	Running command: "/Applications/Firefox.app/Contents/MacOS/firefox-bin" "-marionette" "-foreground" "-no-remote" "-profile" "/var/folders/gy/qftkm0y535sbg296q4n9f_d00000gn/T/rust_mozprofile.mPScniJBZoIL"
1542781294111	Marionette	INFO	Listening on port 61174
1542781294182	Marionette	WARN	TLS certificate errors will be ignored for this session
1542781316832	Marionette	INFO	Stopped listening on port 61174
1542781318375	mozrunner::runner	INFO	Running command: "/Applications/Firefox.app/Contents/MacOS/firefox-bin" "-marionette" "-foreground" "-no-remote" "-profile" "/var/folders/gy/qftkm0y535sbg296q4n9f_d00000gn/T/rust_mozprofile.TvE8V1uKaeDM"
1542781321075	Marionette	INFO	Listening on port 61233
1542781321176	Marionette	WARN	TLS certificate errors will be ignored for this session
1542781340668	Marionette	INFO	Stopped listening on port 61233
1542781342245	mozrunner::runner	INFO	Running command: "/Applications/Firefox.app/Contents/MacOS/firefox-bin" "-marionette" "-foreground" "-no-remote" "-profile" "/var/folders/gy/qftkm0y535sbg296q4n9f_d00000gn/T/rust_mozprofile.47wniBMHG5Ua"
1542781344364	Marionette	INFO	Listening on port 61295
1542781344415	Marionette	WARN	TLS certificate errors will be ignored for this session
1542781362183	Marionette	INFO	Stopped listening on port 61295
1542781363705	mozrunner::runner	INFO	Running command: "/Applications/Firefox.app/Contents/MacOS/firefox-bin" "-marionette" "-foreground" "-no-remote" "-profile" "/var/folders/gy/qftkm0y535sbg296q4n9f_d00000gn/T/rust_mozprofile.WJt2jyGgCSIF"
1542781365861	Marionette	INFO	Listening on port 61348
1542781365959	Marionette	WARN	TLS certificate errors will be ignored for this session
1542781384454	Marionette	INFO	Stopped listening on port 61348
1542781386085	mozrunner::runner	INFO	Running command: "/Applications/Firefox.app/Contents/MacOS/firefox-bin" "-marionette" "-foreground" "-no-remote" "-profile" "/var/folders/gy/qftkm0y535sbg296q4n9f_d00000gn/T/rust_mozprofile.ZWxWJKjYshTe"
1542781388179	Marionette	INFO	Listening on port 61404
1542781388244	Marionette	WARN	TLS certificate errors will be ignored for this session
1542781404970	Marionette	INFO	Stopped listening on port 61404
1542781406613	mozrunner::runner	INFO	Running command: "/Applications/Firefox.app/Contents/MacOS/firefox-bin" "-marionette" "-foreground" "-no-remote" "-profile" "/var/folders/gy/qftkm0y535sbg296q4n9f_d00000gn/T/rust_mozprofile.CttbaB1SlSuE"
1542781408729	Marionette	INFO	Listening on port 61455
1542781408760	Marionette	WARN	TLS certificate errors will be ignored for this session
1542781429048	Marionette	INFO	Stopped listening on port 61455
1542781430674	mozrunner::runner	INFO	Running command: "/Applications/Firefox.app/Contents/MacOS/firefox-bin" "-marionette" "-foreground" "-no-remote" "-profile" "/var/folders/gy/qftkm0y535sbg296q4n9f_d00000gn/T/rust_mozprofile.iTUQzTqUdets"
1542781432803	Marionette	INFO	Listening on port 61508
1542781432846	Marionette	WARN	TLS certificate errors will be ignored for this session
1542781450840	Marionette	INFO	Stopped listening on port 61508
1542781452354	mozrunner::runner	INFO	Running command: "/Applications/Firefox.app/Contents/MacOS/firefox-bin" "-marionette" "-foreground" "-no-remote" "-profile" "/var/folders/gy/qftkm0y535sbg296q4n9f_d00000gn/T/rust_mozprofile.gnXWqDZEIJJP"
1542781454360	Marionette	INFO	Listening on port 61562
1542781454407	Marionette	WARN	TLS certificate errors will be ignored for this session
1542781471994	Marionette	INFO	Stopped listening on port 61562
1542781473523	mozrunner::runner	INFO	Running command: "/Applications/Firefox.app/Contents/MacOS/firefox-bin" "-marionette" "-foreground" "-no-remote" "-profile" "/var/folders/gy/qftkm0y535sbg296q4n9f_d00000gn/T/rust_mozprofile.nCB9UAw1jyhu"
1542781475684	Marionette	INFO	Listening on port 61616
1542781475808	Marionette	WARN	TLS certificate errors will be ignored for this session
console.error: BroadcastService: 
  receivedBroadcastMessage: handler for
  remote-settings/monitor_changes
  threw error:
  Message: Error: Polling for changes failed: NetworkError when attempting to fetch resource..
  Stack:
    remoteSettingsFunction/remoteSettings.pollChanges@resource://services-settings/remote-settings.js:721:13

1542781497794	Marionette	INFO	Stopped listening on port 61616
1542781499427	mozrunner::runner	INFO	Running command: "/Applications/Firefox.app/Contents/MacOS/firefox-bin" "-marionette" "-foreground" "-no-remote" "-profile" "/var/folders/gy/qftkm0y535sbg296q4n9f_d00000gn/T/rust_mozprofile.UmjmdC8TjTtH"
1542781501520	Marionette	INFO	Listening on port 61674
1542781501580	Marionette	WARN	TLS certificate errors will be ignored for this session
1542781519162	Marionette	INFO	Stopped listening on port 61674
1542781520683	mozrunner::runner	INFO	Running command: "/Applications/Firefox.app/Contents/MacOS/firefox-bin" "-marionette" "-foreground" "-no-remote" "-profile" "/var/folders/gy/qftkm0y535sbg296q4n9f_d00000gn/T/rust_mozprofile.T0h6vYndyjOr"
1542781522822	Marionette	INFO	Listening on port 61726
1542781522829	Marionette	WARN	TLS certificate errors will be ignored for this session
1542781540445	Marionette	INFO	Stopped listening on port 61726
1542781542073	mozrunner::runner	INFO	Running command: "/Applications/Firefox.app/Contents/MacOS/firefox-bin" "-marionette" "-foreground" "-no-remote" "-profile" "/var/folders/gy/qftkm0y535sbg296q4n9f_d00000gn/T/rust_mozprofile.omhJbo4FpyKW"
1542781544205	Marionette	INFO	Listening on port 61783
1542781544217	Marionette	WARN	TLS certificate errors will be ignored for this session
1542781561850	Marionette	INFO	Stopped listening on port 61783
1542781563371	mozrunner::runner	INFO	Running command: "/Applications/Firefox.app/Contents/MacOS/firefox-bin" "-marionette" "-foreground" "-no-remote" "-profile" "/var/folders/gy/qftkm0y535sbg296q4n9f_d00000gn/T/rust_mozprofile.CkcFCxAGckBl"
1542781565516	Marionette	INFO	Listening on port 61838
1542781565634	Marionette	WARN	TLS certificate errors will be ignored for this session
1542781582505	Marionette	INFO	Stopped listening on port 61838
1542781584128	mozrunner::runner	INFO	Running command: "/Applications/Firefox.app/Contents/MacOS/firefox-bin" "-marionette" "-foreground" "-no-remote" "-profile" "/var/folders/gy/qftkm0y535sbg296q4n9f_d00000gn/T/rust_mozprofile.8ZLdIlQDFBNF"
1542781586300	Marionette	INFO	Listening on port 61899
1542781586369	Marionette	WARN	TLS certificate errors will be ignored for this session
1542781604304	Marionette	INFO	Stopped listening on port 61899
1542781605956	mozrunner::runner	INFO	Running command: "/Applications/Firefox.app/Contents/MacOS/firefox-bin" "-marionette" "-foreground" "-no-remote" "-profile" "/var/folders/gy/qftkm0y535sbg296q4n9f_d00000gn/T/rust_mozprofile.T3GuJ6UOrQIG"
1542781608068	Marionette	INFO	Listening on port 61954
1542781608102	Marionette	WARN	TLS certificate errors will be ignored for this session
1542781627093	Marionette	INFO	Stopped listening on port 61954
1542781628629	mozrunner::runner	INFO	Running command: "/Applications/Firefox.app/Contents/MacOS/firefox-bin" "-marionette" "-foreground" "-no-remote" "-profile" "/var/folders/gy/qftkm0y535sbg296q4n9f_d00000gn/T/rust_mozprofile.XU3ipwhj4SCR"
1542781630770	Marionette	INFO	Listening on port 62011
1542781630873	Marionette	WARN	TLS certificate errors will be ignored for this session
1542781648682	Marionette	INFO	Stopped listening on port 62011
1542781650212	mozrunner::runner	INFO	Running command: "/Applications/Firefox.app/Contents/MacOS/firefox-bin" "-marionette" "-foreground" "-no-remote" "-profile" "/var/folders/gy/qftkm0y535sbg296q4n9f_d00000gn/T/rust_mozprofile.Y2y5bLzwnHt8"
1542781652303	Marionette	INFO	Listening on port 62065
1542781652337	Marionette	WARN	TLS certificate errors will be ignored for this session
1542781671641	Marionette	INFO	Stopped listening on port 62065
