1542784916514	mozrunner::runner	INFO	Running command: "/Applications/Firefox.app/Contents/MacOS/firefox-bin" "-marionette" "-foreground" "-no-remote" "-profile" "/var/folders/gy/qftkm0y535sbg296q4n9f_d00000gn/T/rust_mozprofile.QkF7sj4EceZ6"
1542784918746	Marionette	INFO	Listening on port 62476
1542784918765	Marionette	WARN	TLS certificate errors will be ignored for this session
1542784934960	Marionette	INFO	Stopped listening on port 62476
1542784936599	mozrunner::runner	INFO	Running command: "/Applications/Firefox.app/Contents/MacOS/firefox-bin" "-marionette" "-foreground" "-no-remote" "-profile" "/var/folders/gy/qftkm0y535sbg296q4n9f_d00000gn/T/rust_mozprofile.8FQSeJVDm8P3"
1542784938543	Marionette	INFO	Listening on port 62530
1542784938649	Marionette	WARN	TLS certificate errors will be ignored for this session
1542784952589	Marionette	INFO	Stopped listening on port 62530
1542784954236	mozrunner::runner	INFO	Running command: "/Applications/Firefox.app/Contents/MacOS/firefox-bin" "-marionette" "-foreground" "-no-remote" "-profile" "/var/folders/gy/qftkm0y535sbg296q4n9f_d00000gn/T/rust_mozprofile.SokAAORbSGyQ"
1542784956174	Marionette	INFO	Listening on port 62582
1542784956181	Marionette	WARN	TLS certificate errors will be ignored for this session
1542784972418	Marionette	INFO	Stopped listening on port 62582
1542784974053	mozrunner::runner	INFO	Running command: "/Applications/Firefox.app/Contents/MacOS/firefox-bin" "-marionette" "-foreground" "-no-remote" "-profile" "/var/folders/gy/qftkm0y535sbg296q4n9f_d00000gn/T/rust_mozprofile.bfnrogM5p0I3"
1542784975951	Marionette	INFO	Listening on port 62635
1542784976014	Marionette	WARN	TLS certificate errors will be ignored for this session
1542784991075	Marionette	INFO	Stopped listening on port 62635
1542784992703	mozrunner::runner	INFO	Running command: "/Applications/Firefox.app/Contents/MacOS/firefox-bin" "-marionette" "-foreground" "-no-remote" "-profile" "/var/folders/gy/qftkm0y535sbg296q4n9f_d00000gn/T/rust_mozprofile.pi1gRInUvxDX"
1542784994655	Marionette	INFO	Listening on port 62684
1542784994745	Marionette	WARN	TLS certificate errors will be ignored for this session
1542785008854	Marionette	INFO	Stopped listening on port 62684
1542785010478	mozrunner::runner	INFO	Running command: "/Applications/Firefox.app/Contents/MacOS/firefox-bin" "-marionette" "-foreground" "-no-remote" "-profile" "/var/folders/gy/qftkm0y535sbg296q4n9f_d00000gn/T/rust_mozprofile.bVau2yhqEbnI"
1542785012410	Marionette	INFO	Listening on port 62736
1542785012511	Marionette	WARN	TLS certificate errors will be ignored for this session
1542785026654	Marionette	INFO	Stopped listening on port 62736
1542785028206	mozrunner::runner	INFO	Running command: "/Applications/Firefox.app/Contents/MacOS/firefox-bin" "-marionette" "-foreground" "-no-remote" "-profile" "/var/folders/gy/qftkm0y535sbg296q4n9f_d00000gn/T/rust_mozprofile.NwvlMob3BsLV"
1542785030145	Marionette	INFO	Listening on port 62785
1542785030170	Marionette	WARN	TLS certificate errors will be ignored for this session
1542785044535	Marionette	INFO	Stopped listening on port 62785
1542785046171	mozrunner::runner	INFO	Running command: "/Applications/Firefox.app/Contents/MacOS/firefox-bin" "-marionette" "-foreground" "-no-remote" "-profile" "/var/folders/gy/qftkm0y535sbg296q4n9f_d00000gn/T/rust_mozprofile.SZYPU97WVSpR"
1542785048105	Marionette	INFO	Listening on port 62836
1542785048217	Marionette	WARN	TLS certificate errors will be ignored for this session
1542785062604	Marionette	INFO	Stopped listening on port 62836
1542785064240	mozrunner::runner	INFO	Running command: "/Applications/Firefox.app/Contents/MacOS/firefox-bin" "-marionette" "-foreground" "-no-remote" "-profile" "/var/folders/gy/qftkm0y535sbg296q4n9f_d00000gn/T/rust_mozprofile.FE20P0ezd2rj"
1542785066224	Marionette	INFO	Listening on port 62889
1542785066295	Marionette	WARN	TLS certificate errors will be ignored for this session
1542785081395	Marionette	INFO	Stopped listening on port 62889
1542785083027	mozrunner::runner	INFO	Running command: "/Applications/Firefox.app/Contents/MacOS/firefox-bin" "-marionette" "-foreground" "-no-remote" "-profile" "/var/folders/gy/qftkm0y535sbg296q4n9f_d00000gn/T/rust_mozprofile.LCDE5oKdrLYG"
1542785084895	Marionette	INFO	Listening on port 62941
1542785084978	Marionette	WARN	TLS certificate errors will be ignored for this session
1542785099938	Marionette	INFO	Stopped listening on port 62941
1542785101578	mozrunner::runner	INFO	Running command: "/Applications/Firefox.app/Contents/MacOS/firefox-bin" "-marionette" "-foreground" "-no-remote" "-profile" "/var/folders/gy/qftkm0y535sbg296q4n9f_d00000gn/T/rust_mozprofile.NmZ2EMxLxq0S"
1542785103539	Marionette	INFO	Listening on port 62992
1542785103623	Marionette	WARN	TLS certificate errors will be ignored for this session
1542785118402	Marionette	INFO	Stopped listening on port 62992
1542785120027	mozrunner::runner	INFO	Running command: "/Applications/Firefox.app/Contents/MacOS/firefox-bin" "-marionette" "-foreground" "-no-remote" "-profile" "/var/folders/gy/qftkm0y535sbg296q4n9f_d00000gn/T/rust_mozprofile.wJOksYMzjoKR"
1542785122012	Marionette	INFO	Listening on port 63043
1542785122081	Marionette	WARN	TLS certificate errors will be ignored for this session
1542785136381	Marionette	INFO	Stopped listening on port 63043
1542785137902	mozrunner::runner	INFO	Running command: "/Applications/Firefox.app/Contents/MacOS/firefox-bin" "-marionette" "-foreground" "-no-remote" "-profile" "/var/folders/gy/qftkm0y535sbg296q4n9f_d00000gn/T/rust_mozprofile.mn742NRWYGMk"
1542785139851	Marionette	INFO	Listening on port 63094
1542785139943	Marionette	WARN	TLS certificate errors will be ignored for this session
1542785155023	Marionette	INFO	Stopped listening on port 63094
1542785156649	mozrunner::runner	INFO	Running command: "/Applications/Firefox.app/Contents/MacOS/firefox-bin" "-marionette" "-foreground" "-no-remote" "-profile" "/var/folders/gy/qftkm0y535sbg296q4n9f_d00000gn/T/rust_mozprofile.KMAYFjJPGv9i"
1542785158588	Marionette	INFO	Listening on port 63147
1542785158596	Marionette	WARN	TLS certificate errors will be ignored for this session
1542785173743	Marionette	INFO	Stopped listening on port 63147
1542785175390	mozrunner::runner	INFO	Running command: "/Applications/Firefox.app/Contents/MacOS/firefox-bin" "-marionette" "-foreground" "-no-remote" "-profile" "/var/folders/gy/qftkm0y535sbg296q4n9f_d00000gn/T/rust_mozprofile.NNub2h1FGPnx"
1542785177338	Marionette	INFO	Listening on port 63199
1542785177446	Marionette	WARN	TLS certificate errors will be ignored for this session
1542785192757	Marionette	INFO	Stopped listening on port 63199
1542785194381	mozrunner::runner	INFO	Running command: "/Applications/Firefox.app/Contents/MacOS/firefox-bin" "-marionette" "-foreground" "-no-remote" "-profile" "/var/folders/gy/qftkm0y535sbg296q4n9f_d00000gn/T/rust_mozprofile.J59aUnCpGAbg"
1542785196326	Marionette	INFO	Listening on port 63251
1542785196469	Marionette	WARN	TLS certificate errors will be ignored for this session
1542785212491	Marionette	INFO	Stopped listening on port 63251
1542785214072	mozrunner::runner	INFO	Running command: "/Applications/Firefox.app/Contents/MacOS/firefox-bin" "-marionette" "-foreground" "-no-remote" "-profile" "/var/folders/gy/qftkm0y535sbg296q4n9f_d00000gn/T/rust_mozprofile.hPNdpTxDlvkE"
1542785216042	Marionette	INFO	Listening on port 63305
1542785216171	Marionette	WARN	TLS certificate errors will be ignored for this session
1542785232199	Marionette	INFO	Stopped listening on port 63305
1542785233859	mozrunner::runner	INFO	Running command: "/Applications/Firefox.app/Contents/MacOS/firefox-bin" "-marionette" "-foreground" "-no-remote" "-profile" "/var/folders/gy/qftkm0y535sbg296q4n9f_d00000gn/T/rust_mozprofile.IKT2IEF0KoEX"
1542785235816	Marionette	INFO	Listening on port 63360
1542785235862	Marionette	WARN	TLS certificate errors will be ignored for this session
1542785251058	Marionette	INFO	Stopped listening on port 63360
1542785252676	mozrunner::runner	INFO	Running command: "/Applications/Firefox.app/Contents/MacOS/firefox-bin" "-marionette" "-foreground" "-no-remote" "-profile" "/var/folders/gy/qftkm0y535sbg296q4n9f_d00000gn/T/rust_mozprofile.atByvV1Ybfc3"
1542785254621	Marionette	INFO	Listening on port 63409
1542785254678	Marionette	WARN	TLS certificate errors will be ignored for this session
1542785269055	Marionette	INFO	Stopped listening on port 63409
1542785270616	mozrunner::runner	INFO	Running command: "/Applications/Firefox.app/Contents/MacOS/firefox-bin" "-marionette" "-foreground" "-no-remote" "-profile" "/var/folders/gy/qftkm0y535sbg296q4n9f_d00000gn/T/rust_mozprofile.9Zh2zt9RZJaR"
1542785272569	Marionette	INFO	Listening on port 63459
1542785272620	Marionette	WARN	TLS certificate errors will be ignored for this session
1542785287737	Marionette	INFO	Stopped listening on port 63459
1542785289285	mozrunner::runner	INFO	Running command: "/Applications/Firefox.app/Contents/MacOS/firefox-bin" "-marionette" "-foreground" "-no-remote" "-profile" "/var/folders/gy/qftkm0y535sbg296q4n9f_d00000gn/T/rust_mozprofile.9honuysd9Ev3"
1542785291211	Marionette	INFO	Listening on port 63511
1542785291300	Marionette	WARN	TLS certificate errors will be ignored for this session
1542785306576	Marionette	INFO	Stopped listening on port 63511
1542785308228	mozrunner::runner	INFO	Running command: "/Applications/Firefox.app/Contents/MacOS/firefox-bin" "-marionette" "-foreground" "-no-remote" "-profile" "/var/folders/gy/qftkm0y535sbg296q4n9f_d00000gn/T/rust_mozprofile.FrmdhQjXTGWo"
1542785310153	Marionette	INFO	Listening on port 63561
1542785310207	Marionette	WARN	TLS certificate errors will be ignored for this session
1542785324395	Marionette	INFO	Stopped listening on port 63561
1542785326041	mozrunner::runner	INFO	Running command: "/Applications/Firefox.app/Contents/MacOS/firefox-bin" "-marionette" "-foreground" "-no-remote" "-profile" "/var/folders/gy/qftkm0y535sbg296q4n9f_d00000gn/T/rust_mozprofile.7i1312c0wg3v"
1542785327967	Marionette	INFO	Listening on port 63611
1542785328012	Marionette	WARN	TLS certificate errors will be ignored for this session
1542785344797	Marionette	INFO	Stopped listening on port 63611
1542785346332	mozrunner::runner	INFO	Running command: "/Applications/Firefox.app/Contents/MacOS/firefox-bin" "-marionette" "-foreground" "-no-remote" "-profile" "/var/folders/gy/qftkm0y535sbg296q4n9f_d00000gn/T/rust_mozprofile.3NVY1eMwO82b"
1542785348275	Marionette	INFO	Listening on port 63664
1542785348318	Marionette	WARN	TLS certificate errors will be ignored for this session
1542785362781	Marionette	INFO	Stopped listening on port 63664
1542785364315	mozrunner::runner	INFO	Running command: "/Applications/Firefox.app/Contents/MacOS/firefox-bin" "-marionette" "-foreground" "-no-remote" "-profile" "/var/folders/gy/qftkm0y535sbg296q4n9f_d00000gn/T/rust_mozprofile.BXHdXvAJHArl"
1542785366237	Marionette	INFO	Listening on port 63720
1542785366312	Marionette	WARN	TLS certificate errors will be ignored for this session
1542785383361	Marionette	INFO	Stopped listening on port 63720
1542785384916	mozrunner::runner	INFO	Running command: "/Applications/Firefox.app/Contents/MacOS/firefox-bin" "-marionette" "-foreground" "-no-remote" "-profile" "/var/folders/gy/qftkm0y535sbg296q4n9f_d00000gn/T/rust_mozprofile.138mnnJmuiQO"
1542785386834	Marionette	INFO	Listening on port 63771
1542785386889	Marionette	WARN	TLS certificate errors will be ignored for this session
1542785402922	Marionette	INFO	Stopped listening on port 63771
1542785404476	mozrunner::runner	INFO	Running command: "/Applications/Firefox.app/Contents/MacOS/firefox-bin" "-marionette" "-foreground" "-no-remote" "-profile" "/var/folders/gy/qftkm0y535sbg296q4n9f_d00000gn/T/rust_mozprofile.g5K0rNbOolfB"
1542785406410	Marionette	INFO	Listening on port 63823
1542785406464	Marionette	WARN	TLS certificate errors will be ignored for this session
1542785421756	Marionette	INFO	Stopped listening on port 63823
1542785423314	mozrunner::runner	INFO	Running command: "/Applications/Firefox.app/Contents/MacOS/firefox-bin" "-marionette" "-foreground" "-no-remote" "-profile" "/var/folders/gy/qftkm0y535sbg296q4n9f_d00000gn/T/rust_mozprofile.OaGejU5uWi3z"
1542785425258	Marionette	INFO	Listening on port 63876
1542785425304	Marionette	WARN	TLS certificate errors will be ignored for this session
1542785441601	Marionette	INFO	Stopped listening on port 63876
1542785443235	mozrunner::runner	INFO	Running command: "/Applications/Firefox.app/Contents/MacOS/firefox-bin" "-marionette" "-foreground" "-no-remote" "-profile" "/var/folders/gy/qftkm0y535sbg296q4n9f_d00000gn/T/rust_mozprofile.p80ARLtPheRy"
1542785445176	Marionette	INFO	Listening on port 63928
1542785445226	Marionette	WARN	TLS certificate errors will be ignored for this session
1542785460100	Marionette	INFO	Stopped listening on port 63928
1542785461597	mozrunner::runner	INFO	Running command: "/Applications/Firefox.app/Contents/MacOS/firefox-bin" "-marionette" "-foreground" "-no-remote" "-profile" "/var/folders/gy/qftkm0y535sbg296q4n9f_d00000gn/T/rust_mozprofile.v3Yz4CYSeU5B"
1542785463491	Marionette	INFO	Listening on port 63979
1542785463587	Marionette	WARN	TLS certificate errors will be ignored for this session
1542785478788	Marionette	INFO	Stopped listening on port 63979
1542785480417	mozrunner::runner	INFO	Running command: "/Applications/Firefox.app/Contents/MacOS/firefox-bin" "-marionette" "-foreground" "-no-remote" "-profile" "/var/folders/gy/qftkm0y535sbg296q4n9f_d00000gn/T/rust_mozprofile.aNErnPjdnFXq"
1542785482332	Marionette	INFO	Listening on port 64030
1542785482422	Marionette	WARN	TLS certificate errors will be ignored for this session
1542785497521	Marionette	INFO	Stopped listening on port 64030
1542785499065	mozrunner::runner	INFO	Running command: "/Applications/Firefox.app/Contents/MacOS/firefox-bin" "-marionette" "-foreground" "-no-remote" "-profile" "/var/folders/gy/qftkm0y535sbg296q4n9f_d00000gn/T/rust_mozprofile.0YqxFe033vMj"
1542785500970	Marionette	INFO	Listening on port 64083
1542785501026	Marionette	WARN	TLS certificate errors will be ignored for this session
1542785517026	Marionette	INFO	Stopped listening on port 64083
1542785518672	mozrunner::runner	INFO	Running command: "/Applications/Firefox.app/Contents/MacOS/firefox-bin" "-marionette" "-foreground" "-no-remote" "-profile" "/var/folders/gy/qftkm0y535sbg296q4n9f_d00000gn/T/rust_mozprofile.L6kbgVFXjXOM"
1542785520624	Marionette	INFO	Listening on port 64133
1542785520656	Marionette	WARN	TLS certificate errors will be ignored for this session
[GFX1-]: Receive IPC close with reason=AbnormalShutdown
[Child 17084, Chrome_ChildThread] WARNING: pipe error: Broken pipe: file /builds/worker/workspace/build/src/ipc/chromium/src/chrome/common/ipc_channel_posix.cc, line 729
[GFX1-]: Receive IPC close with reason=AbnormalShutdown
